2025-07-09 09:47:02,388 - INFO - 🚀 Starting Resume Scraper...
2025-07-09 09:47:02,388 - INFO - 📂 Loaded 32 previous results
2025-07-09 09:47:02,400 - INFO - 📊 Total URLs: 260, Already processed: 32, Remaining: 228
2025-07-09 09:47:04,776 - INFO - ✅ Chrome driver initialized
2025-07-09 09:47:04,776 - INFO - 🔍 Scraping HH: SCOTT BATHROOM TISSUE SINGLE ROLL
2025-07-09 09:47:10,468 - INFO - ✅ Found price: $1.99 for HH: SCOTT BATHROOM TISSUE SINGLE ROLL
2025-07-09 09:47:11,938 - INFO - 🔍 Scraping Drop It: ENVY APPLES
2025-07-09 09:47:15,416 - INFO - ✅ Found price: $2.69 for Drop It: ENVY APPLES
2025-07-09 09:47:16,631 - INFO - 🔍 Scraping Miles: ENVY APPLES
2025-07-09 09:47:21,746 - INFO - ✅ Found price: $2.95 for Miles: ENVY APPLES
2025-07-09 09:47:23,156 - INFO - 🔍 Scraping HH: ENVY APPLES
2025-07-09 09:47:28,377 - INFO - ✅ Found price: $2.69 for HH: ENVY APPLES
2025-07-09 09:47:29,607 - INFO - 🔍 Scraping Drop It: PERDUE GROUND TURKEY
2025-07-09 09:47:34,542 - INFO - ✅ Found price: $9.39 for Drop It: PERDUE GROUND TURKEY
2025-07-09 09:47:36,297 - INFO - 🔍 Scraping Pronto: PERDUE GROUND TURKEY
2025-07-09 09:47:40,677 - INFO - ✅ Found price: $7.99 for Pronto: PERDUE GROUND TURKEY
2025-07-09 09:47:42,335 - INFO - 🔍 Scraping HH: PERDUE GROUND TURKEY
2025-07-09 09:47:47,458 - INFO - ✅ Found price: $7.99 for HH: PERDUE GROUND TURKEY
2025-07-09 09:47:48,675 - INFO - 🔍 Scraping Drop It: TYS FC CHICKEN NUGGET
2025-07-09 09:47:54,927 - INFO - ✅ Found price: $12.99 for Drop It: TYS FC CHICKEN NUGGET
2025-07-09 09:47:56,521 - INFO - 🔍 Scraping Miles: TYS FC CHICKEN NUGGET
2025-07-09 09:48:00,694 - INFO - ✅ Found price: $13.50 for Miles: TYS FC CHICKEN NUGGET
2025-07-09 09:48:02,330 - INFO - 🔍 Scraping Pronto: TYS FC CHICKEN NUGGET
2025-07-09 09:48:06,312 - INFO - ✅ Found price: $12.99 for Pronto: TYS FC CHICKEN NUGGET
2025-07-09 09:48:07,823 - INFO - 🔍 Scraping Drop It: VIERA PORTUGUESE ROLLS
2025-07-09 09:48:12,778 - INFO - ✅ Found price: $7.79 for Drop It: VIERA PORTUGUESE ROLLS
2025-07-09 09:48:14,495 - INFO - 🔍 Scraping Pronto: VIERA PORTUGUESE ROLLS
2025-07-09 09:48:17,377 - INFO - ✅ Found price: $7.65 for Pronto: VIERA PORTUGUESE ROLLS
2025-07-09 09:48:18,657 - INFO - 🔍 Scraping HH: VIERA PORTUGUESE ROLLS
2025-07-09 09:48:24,541 - INFO - ✅ Found price: $6.99 for HH: VIERA PORTUGUESE ROLLS
2025-07-09 09:48:25,990 - INFO - 🔍 Scraping Drop It: GEISHA WHITE MEATTUNA IN WATER
2025-07-09 09:48:29,425 - INFO - ✅ Found price: $4.79 for Drop It: GEISHA WHITE MEATTUNA IN WATER
2025-07-09 09:48:31,225 - INFO - 🔍 Scraping Miles: GEISHA WHITE MEATTUNA IN WATER
2025-07-09 09:48:35,485 - INFO - ✅ Found price: $5.00 for Miles: GEISHA WHITE MEATTUNA IN WATER
2025-07-09 09:48:37,113 - INFO - 🔍 Scraping Pronto: GEISHA WHITE MEATTUNA IN WATER
2025-07-09 09:48:40,162 - INFO - ✅ Found price: $4.59 for Pronto: GEISHA WHITE MEATTUNA IN WATER
2025-07-09 09:48:42,069 - INFO - 🔍 Scraping HH: GEISHA WHITE MEATTUNA IN WATER
2025-07-09 09:48:46,463 - INFO - ✅ Found price: $4.39 for HH: GEISHA WHITE MEATTUNA IN WATER
2025-07-09 09:48:48,336 - INFO - 🔍 Scraping Drop It: PEPPERS RED XL
2025-07-09 09:48:53,909 - INFO - ✅ Found price: $8.69 for Drop It: PEPPERS RED XL
2025-07-09 09:48:55,303 - INFO - 🔍 Scraping Miles: PEPPERS RED XL
2025-07-09 09:49:01,063 - INFO - ✅ Found price: $4.95 for Miles: PEPPERS RED XL
2025-07-09 09:49:02,686 - INFO - 🔍 Scraping Pronto: PEPPERS RED XL
2025-07-09 09:49:06,657 - INFO - ✅ Found price: $2.14 for Pronto: PEPPERS RED XL
2025-07-09 09:49:08,093 - INFO - 📊 Batch 1 complete. Progress: 52/260
2025-07-09 09:49:09,357 - INFO - ✅ Chrome driver initialized
2025-07-09 09:49:09,357 - INFO - 🔍 Scraping HH: PEPPERS RED XL
2025-07-09 09:49:13,118 - INFO - ✅ Found price: $5.29 for HH: PEPPERS RED XL
2025-07-09 09:49:14,886 - INFO - 🔍 Scraping Drop It: GLAM POP POPCORN YEAST SUGAR
2025-07-09 09:49:19,915 - INFO - ✅ Found price: $5.19 for Drop It: GLAM POP POPCORN YEAST SUGAR
2025-07-09 09:49:21,649 - INFO - 🔍 Scraping Pronto: GLAM POP POPCORN YEAST SUGAR
2025-07-09 09:49:26,115 - INFO - ✅ Found price: $4.99 for Pronto: GLAM POP POPCORN YEAST SUGAR
2025-07-09 09:49:27,241 - INFO - 🔍 Scraping HH: GLAM POP POPCORN YEAST SUGAR
2025-07-09 09:49:33,437 - INFO - ✅ Found price: $4.79 for HH: GLAM POP POPCORN YEAST SUGAR
2025-07-09 09:49:34,551 - INFO - 🔍 Scraping Drop It: NATURES OWN BREAD 100% WHOLE WHEAT
2025-07-09 09:49:38,727 - INFO - ✅ Found price: $8.59 for Drop It: NATURES OWN BREAD 100% WHOLE WHEAT
2025-07-09 09:49:39,756 - INFO - 🔍 Scraping Miles: NATURES OWN BREAD 100% WHOLE WHEAT
2025-07-09 09:49:45,217 - INFO - ✅ Found price: $8.60 for Miles: NATURES OWN BREAD 100% WHOLE WHEAT
2025-07-09 09:49:46,477 - INFO - 🔍 Scraping Pronto: NATURES OWN BREAD 100% WHOLE WHEAT
2025-07-09 09:49:50,198 - INFO - ✅ Found price: $7.89 for Pronto: NATURES OWN BREAD 100% WHOLE WHEAT
2025-07-09 09:49:51,446 - INFO - 🔍 Scraping HH: NATURES OWN BREAD 100% WHOLE WHEAT
2025-07-09 09:49:56,712 - INFO - ✅ Found price: $7.89 for HH: NATURES OWN BREAD 100% WHOLE WHEAT
2025-07-09 09:49:58,357 - INFO - 🔍 Scraping Drop It: CUCUMBER ENGLISH
2025-07-09 09:50:04,105 - INFO - ✅ Found price: $4.89 for Drop It: CUCUMBER ENGLISH
2025-07-09 09:50:05,615 - INFO - 🔍 Scraping Miles: CUCUMBER ENGLISH
2025-07-09 09:50:09,747 - INFO - ✅ Found price: $4.95 for Miles: CUCUMBER ENGLISH
2025-07-09 09:50:11,672 - INFO - 🔍 Scraping Pronto: CUCUMBER ENGLISH
2025-07-09 09:50:15,199 - INFO - ✅ Found price: $3.85 for Pronto: CUCUMBER ENGLISH
2025-07-09 09:50:16,988 - INFO - 🔍 Scraping HH: CUCUMBER ENGLISH
2025-07-09 09:50:21,562 - INFO - ✅ Found price: $2.69 for HH: CUCUMBER ENGLISH
2025-07-09 09:50:23,318 - INFO - 🔍 Scraping Drop It: ONION RED JU
2025-07-09 09:50:26,926 - INFO - ✅ Found price: $3.79 for Drop It: ONION RED JU
2025-07-09 09:50:28,087 - INFO - 🔍 Scraping Miles: ONION RED JU
2025-07-09 09:50:32,318 - INFO - ✅ Found price: $2.60 for Miles: ONION RED JU
2025-07-09 09:50:33,539 - INFO - 🔍 Scraping Pronto: ONION RED JU
2025-07-09 09:50:36,271 - INFO - ✅ Found price: $2.99 for Pronto: ONION RED JU
2025-07-09 09:50:37,499 - INFO - 🔍 Scraping HH: ONION RED JU
2025-07-09 09:50:42,131 - INFO - ✅ Found price: $2.69 for HH: ONION RED JU
2025-07-09 09:50:43,588 - INFO - 🔍 Scraping Drop It: PINEAPPLES HONEYGLOW
2025-07-09 09:50:49,169 - INFO - ✅ Found price: $7.99 for Drop It: PINEAPPLES HONEYGLOW
2025-07-09 09:50:51,052 - INFO - 🔍 Scraping Miles: PINEAPPLES HONEYGLOW
2025-07-09 09:50:55,879 - INFO - ✅ Found price: $12.95 for Miles: PINEAPPLES HONEYGLOW
2025-07-09 09:50:57,159 - INFO - 🔍 Scraping Pronto: PINEAPPLES HONEYGLOW
2025-07-09 09:50:59,554 - INFO - ✅ Found price: $7.99 for Pronto: PINEAPPLES HONEYGLOW
2025-07-09 09:51:01,223 - INFO - 🔍 Scraping HH: PINEAPPLES HONEYGLOW
2025-07-09 09:51:06,604 - INFO - ✅ Found price: $7.99 for HH: PINEAPPLES HONEYGLOW
2025-07-09 09:51:08,600 - INFO - 📊 Batch 2 complete. Progress: 72/260
2025-07-09 09:51:09,931 - INFO - ✅ Chrome driver initialized
2025-07-09 09:51:09,940 - INFO - 🔍 Scraping Drop It: DRISCOLLS RASPBERRIES
2025-07-09 09:51:17,268 - INFO - ✅ Found price: $6.59 for Drop It: DRISCOLLS RASPBERRIES
2025-07-09 09:51:18,748 - INFO - 🔍 Scraping Miles: DRISCOLLS RASPBERRIES
2025-07-09 09:51:24,082 - INFO - ✅ Found price: $7.75 for Miles: DRISCOLLS RASPBERRIES
2025-07-09 09:51:25,634 - INFO - 🔍 Scraping Pronto: DRISCOLLS RASPBERRIES
2025-07-09 09:51:29,382 - INFO - ✅ Found price: $7.69 for Pronto: DRISCOLLS RASPBERRIES
2025-07-09 09:51:30,482 - INFO - 🔍 Scraping HH: DRISCOLLS RASPBERRIES
2025-07-09 09:51:35,603 - INFO - ✅ Found price: $5.69 for HH: DRISCOLLS RASPBERRIES
2025-07-09 09:51:36,920 - INFO - 🔍 Scraping Drop It: PEPPERIDGE FARM 15 GRAIN WHOLE GRAIN
2025-07-09 09:51:42,426 - INFO - ✅ Found price: $8.59 for Drop It: PEPPERIDGE FARM 15 GRAIN WHOLE GRAIN
2025-07-09 09:51:43,758 - INFO - 🔍 Scraping Miles: PEPPERIDGE FARM 15 GRAIN WHOLE GRAIN
2025-07-09 09:51:47,785 - INFO - ✅ Found price: $8.60 for Miles: PEPPERIDGE FARM 15 GRAIN WHOLE GRAIN
2025-07-09 09:51:49,073 - INFO - 🔍 Scraping Pronto: PEPPERIDGE FARM 15 GRAIN WHOLE GRAIN
2025-07-09 09:51:51,813 - INFO - ✅ Found price: $7.89 for Pronto: PEPPERIDGE FARM 15 GRAIN WHOLE GRAIN
2025-07-09 09:51:53,017 - INFO - 🔍 Scraping HH: PEPPERIDGE FARM 15 GRAIN WHOLE GRAIN
2025-07-09 09:51:57,653 - INFO - ✅ Found price: $7.89 for HH: PEPPERIDGE FARM 15 GRAIN WHOLE GRAIN
2025-07-09 09:51:58,852 - INFO - 🔍 Scraping Drop It: DRISCOLLS BLACKBERRIES
2025-07-09 09:52:04,776 - INFO - ✅ Found price: $6.59 for Drop It: DRISCOLLS BLACKBERRIES
2025-07-09 09:52:06,497 - INFO - 🔍 Scraping Miles: DRISCOLLS BLACKBERRIES
2025-07-09 09:52:10,912 - INFO - ✅ Found price: $8.25 for Miles: DRISCOLLS BLACKBERRIES
2025-07-09 09:52:12,413 - INFO - 🔍 Scraping Pronto: DRISCOLLS BLACKBERRIES
2025-07-09 09:52:15,786 - INFO - ✅ Found price: $4.99 for Pronto: DRISCOLLS BLACKBERRIES
2025-07-09 09:52:17,071 - INFO - 🔍 Scraping HH: DRISCOLLS BLACKBERRIES
2025-07-09 09:52:22,492 - INFO - ✅ Found price: $5.99 for HH: DRISCOLLS BLACKBERRIES
2025-07-09 09:52:24,234 - INFO - 🔍 Scraping Drop It: PEPPERIDGE FARM CINN RAISIN SWIRL
2025-07-09 09:52:27,785 - INFO - ✅ Found price: $8.59 for Drop It: PEPPERIDGE FARM CINN RAISIN SWIRL
2025-07-09 09:52:29,555 - INFO - 🔍 Scraping Miles: PEPPERIDGE FARM CINN RAISIN SWIRL
2025-07-09 09:52:34,423 - INFO - ✅ Found price: $8.95 for Miles: PEPPERIDGE FARM CINN RAISIN SWIRL
2025-07-09 09:52:35,803 - INFO - 🔍 Scraping Pronto: PEPPERIDGE FARM CINN RAISIN SWIRL
2025-07-09 09:52:38,330 - INFO - ✅ Found price: $7.89 for Pronto: PEPPERIDGE FARM CINN RAISIN SWIRL
2025-07-09 09:52:39,699 - INFO - 🔍 Scraping HH: PEPPERIDGE FARM CINN RAISIN SWIRL
2025-07-09 09:52:44,930 - INFO - ✅ Found price: $7.89 for HH: PEPPERIDGE FARM CINN RAISIN SWIRL
2025-07-09 09:52:46,273 - INFO - 🔍 Scraping Drop It: DUNKLEYS SLIMLINE MILK 1/2GA
2025-07-09 09:52:49,920 - INFO - ✅ Found price: $6.99 for Drop It: DUNKLEYS SLIMLINE MILK 1/2GA
2025-07-09 09:52:51,017 - INFO - 🔍 Scraping Miles: DUNKLEYS SLIMLINE MILK 1/2GA
2025-07-09 09:52:56,459 - INFO - ✅ Found price: $7.00 for Miles: DUNKLEYS SLIMLINE MILK 1/2GA
2025-07-09 09:52:57,552 - INFO - 🔍 Scraping Pronto: DUNKLEYS SLIMLINE MILK 1/2GA
2025-07-09 09:53:01,724 - INFO - ✅ Found price: $7.15 for Pronto: DUNKLEYS SLIMLINE MILK 1/2GA
2025-07-09 09:53:02,992 - INFO - 🔍 Scraping HH: DUNKLEYS SLIMLINE MILK 1/2GA
2025-07-09 09:53:08,117 - INFO - ✅ Found price: $6.49 for HH: DUNKLEYS SLIMLINE MILK 1/2GA
2025-07-09 09:53:10,571 - INFO - 📊 Batch 3 complete. Progress: 92/260
2025-07-09 09:53:13,604 - INFO - ✅ Chrome driver initialized
2025-07-09 09:53:13,621 - INFO - 🔍 Scraping Drop It: HOOD HEAVY CREAM
2025-07-09 09:53:17,424 - INFO - ✅ Found price: $7.39 for Drop It: HOOD HEAVY CREAM
2025-07-09 09:53:18,788 - INFO - 🔍 Scraping Miles: HOOD HEAVY CREAM
2025-07-09 09:53:26,032 - INFO - ✅ Found price: $7.50 for Miles: HOOD HEAVY CREAM
2025-07-09 09:53:27,161 - INFO - 🔍 Scraping Pronto: HOOD HEAVY CREAM
2025-07-09 09:53:31,174 - INFO - ✅ Found price: $7.09 for Pronto: HOOD HEAVY CREAM
2025-07-09 09:53:32,604 - INFO - 🔍 Scraping HH: HOOD HEAVY CREAM
2025-07-09 09:53:37,411 - INFO - ✅ Found price: $6.59 for HH: HOOD HEAVY CREAM
2025-07-09 09:53:38,941 - INFO - 🔍 Scraping Drop It: I LOVE PRODUCE SPW GARLIC B
2025-07-09 09:53:44,079 - INFO - ✅ Found price: $6.59 for Drop It: I LOVE PRODUCE SPW GARLIC B
2025-07-09 09:53:45,996 - INFO - 🔍 Scraping HH: I LOVE PRODUCE SPW GARLIC B
2025-07-09 09:53:50,277 - INFO - ✅ Found price: $6.49 for HH: I LOVE PRODUCE SPW GARLIC B
2025-07-09 09:53:51,412 - INFO - 🔍 Scraping Drop It: MANGO
2025-07-09 09:53:57,170 - INFO - ✅ Found price: $4.89 for Drop It: MANGO
2025-07-09 09:53:58,939 - INFO - 🔍 Scraping Pronto: MANGO
2025-07-09 09:54:02,574 - INFO - ✅ Found price: $3.35 for Pronto: MANGO
2025-07-09 09:54:04,214 - INFO - 🔍 Scraping HH: MANGO
2025-07-09 09:54:09,668 - INFO - ✅ Found price: $2.69 for HH: MANGO
2025-07-09 09:54:11,626 - INFO - 🔍 Scraping Drop It: COCACOLA COKE
2025-07-09 09:54:16,444 - INFO - ✅ Found price: $3.19 for Drop It: COCACOLA COKE
2025-07-09 09:54:17,859 - INFO - 🔍 Scraping Miles: COCACOLA COKE
2025-07-09 09:54:23,686 - INFO - ✅ Found price: $3.25 for Miles: COCACOLA COKE
2025-07-09 09:54:24,856 - INFO - 🔍 Scraping Pronto: COCACOLA COKE
2025-07-09 09:54:29,117 - INFO - ✅ Found price: $2.99 for Pronto: COCACOLA COKE
2025-07-09 09:54:30,435 - INFO - 🔍 Scraping HH: COCACOLA COKE
2025-07-09 09:54:35,319 - INFO - ✅ Found price: $2.59 for HH: COCACOLA COKE
2025-07-09 09:54:37,130 - INFO - 🔍 Scraping Drop It: CHERRIES RED
2025-07-09 09:54:41,733 - INFO - ✅ Found price: $11.99 for Drop It: CHERRIES RED
2025-07-09 09:54:43,469 - INFO - 🔍 Scraping Miles: CHERRIES RED
2025-07-09 09:54:48,223 - INFO - ✅ Found price: $12.75 for Miles: CHERRIES RED
2025-07-09 09:54:49,450 - INFO - 🔍 Scraping Pronto: CHERRIES RED
2025-07-09 09:54:54,125 - INFO - ✅ Found price: $13.99 for Pronto: CHERRIES RED
2025-07-09 09:54:55,557 - INFO - 🔍 Scraping HH: CHERRIES RED
2025-07-09 09:55:01,492 - INFO - ✅ Found price: $16.99 for HH: CHERRIES RED
2025-07-09 09:55:02,874 - INFO - 🔍 Scraping Drop It: ONION SWEET
2025-07-09 09:55:07,229 - INFO - ✅ Found price: $2.99 for Drop It: ONION SWEET
2025-07-09 09:55:08,427 - INFO - 🔍 Scraping HH: ONION SWEET
2025-07-09 09:55:14,335 - INFO - ✅ Found price: $2.99 for HH: ONION SWEET
2025-07-09 09:55:15,539 - INFO - 🔍 Scraping Drop It: TYSON IQF CHKN TENDERLOIN
2025-07-09 09:55:20,781 - INFO - ✅ Found price: $19.19 for Drop It: TYSON IQF CHKN TENDERLOIN
2025-07-09 09:55:22,345 - INFO - 📊 Batch 4 complete. Progress: 112/260
2025-07-09 09:55:23,827 - INFO - ✅ Chrome driver initialized
2025-07-09 09:55:23,828 - INFO - 🔍 Scraping Pronto: TYSON IQF CHKN TENDERLOIN
2025-07-09 09:55:27,639 - INFO - ✅ Found price: $18.75 for Pronto: TYSON IQF CHKN TENDERLOIN
2025-07-09 09:55:28,799 - INFO - 🔍 Scraping HH: TYSON IQF CHKN TENDERLOIN
2025-07-09 09:55:34,517 - INFO - ✅ Found price: $17.99 for HH: TYSON IQF CHKN TENDERLOIN
2025-07-09 09:55:36,339 - INFO - 🔍 Scraping Drop It: LIMES
2025-07-09 09:55:41,340 - INFO - ✅ Found price: $1.09 for Drop It: LIMES
2025-07-09 09:55:42,669 - INFO - 🔍 Scraping Miles: LIMES
2025-07-09 09:55:49,442 - INFO - ✅ Found price: $1.25 for Miles: LIMES
2025-07-09 09:55:51,082 - INFO - 🔍 Scraping Pronto: LIMES
2025-07-09 09:55:55,844 - INFO - ✅ Found price: $0.99 for Pronto: LIMES
2025-07-09 09:55:57,763 - INFO - 🔍 Scraping HH: LIMES
2025-07-09 09:56:02,949 - INFO - ✅ Found price: $0.99 for HH: LIMES
2025-07-09 09:56:04,680 - INFO - 🔍 Scraping Drop It: GINGER ROOT
2025-07-09 09:56:08,817 - INFO - ✅ Found price: $5.49 for Drop It: GINGER ROOT
2025-07-09 09:56:10,296 - INFO - 🔍 Scraping Miles: GINGER ROOT
2025-07-09 09:56:16,033 - INFO - ✅ Found price: $5.60 for Miles: GINGER ROOT
2025-07-09 09:56:17,304 - INFO - 🔍 Scraping Pronto: GINGER ROOT
2025-07-09 09:56:20,219 - INFO - ✅ Found price: $1.29 for Pronto: GINGER ROOT
2025-07-09 09:56:21,887 - INFO - 🔍 Scraping HH: GINGER ROOT
2025-07-09 09:56:26,605 - INFO - ✅ Found price: $4.99 for HH: GINGER ROOT
2025-07-09 09:56:28,543 - INFO - 🔍 Scraping Drop It: LIL SNAPPERS APPLES GRANNY SMITH
2025-07-09 09:56:33,977 - INFO - ✅ Found price: $9.79 for Drop It: LIL SNAPPERS APPLES GRANNY SMITH
2025-07-09 09:56:34,997 - INFO - 🔍 Scraping Pronto: LIL SNAPPERS APPLES GRANNY SMITH
2025-07-09 09:56:38,215 - INFO - ✅ Found price: $10.99 for Pronto: LIL SNAPPERS APPLES GRANNY SMITH
2025-07-09 09:56:39,887 - INFO - 🔍 Scraping HH: LIL SNAPPERS APPLES GRANNY SMITH
2025-07-09 09:56:43,888 - INFO - ✅ Found price: $10.99 for HH: LIL SNAPPERS APPLES GRANNY SMITH
2025-07-09 09:56:45,008 - INFO - 🔍 Scraping Drop It: CUCUMBERS GREEN
2025-07-09 09:56:50,049 - INFO - ✅ Found price: $3.29 for Drop It: CUCUMBERS GREEN
2025-07-09 09:56:51,444 - INFO - 🔍 Scraping Miles: CUCUMBERS GREEN
2025-07-09 09:56:56,015 - INFO - ✅ Found price: $1.50 for Miles: CUCUMBERS GREEN
2025-07-09 09:56:57,880 - INFO - 🔍 Scraping Pronto: CUCUMBERS GREEN
2025-07-09 09:57:01,801 - INFO - ✅ Found price: $1.25 for Pronto: CUCUMBERS GREEN
2025-07-09 09:57:03,225 - INFO - 🔍 Scraping HH: CUCUMBERS GREEN
2025-07-09 09:57:09,281 - INFO - ✅ Found price: $1.29 for HH: CUCUMBERS GREEN
2025-07-09 09:57:10,829 - INFO - 🔍 Scraping Drop It: LETTUCE ICEBERG
2025-07-09 09:57:16,204 - INFO - ✅ Found price: $4.39 for Drop It: LETTUCE ICEBERG
2025-07-09 09:57:18,045 - INFO - 🔍 Scraping Miles: LETTUCE ICEBERG
2025-07-09 09:57:21,907 - INFO - ✅ Found price: $5.10 for Miles: LETTUCE ICEBERG
2025-07-09 09:57:23,713 - INFO - 🔍 Scraping Pronto: LETTUCE ICEBERG
2025-07-09 09:57:26,772 - INFO - ✅ Found price: $4.65 for Pronto: LETTUCE ICEBERG
2025-07-09 09:57:29,168 - INFO - 📊 Batch 5 complete. Progress: 132/260
2025-07-09 09:57:30,602 - INFO - ✅ Chrome driver initialized
2025-07-09 09:57:30,602 - INFO - 🔍 Scraping HH: LETTUCE ICEBERG
2025-07-09 09:57:35,399 - INFO - ✅ Found price: $4.99 for HH: LETTUCE ICEBERG
2025-07-09 09:57:37,319 - INFO - 🔍 Scraping Miles: TOMATOES ROMA XL
2025-07-09 09:57:44,587 - INFO - ✅ Found price: $6.10 for Miles: TOMATOES ROMA XL
2025-07-09 09:57:46,230 - INFO - 🔍 Scraping Pronto: TOMATOES ROMA XL
2025-07-09 09:57:49,785 - INFO - ✅ Found price: $2.59 for Pronto: TOMATOES ROMA XL
2025-07-09 09:57:51,483 - INFO - 🔍 Scraping HH: TOMATOES ROMA XL
2025-07-09 09:57:57,149 - INFO - ✅ Found price: $2.99 for HH: TOMATOES ROMA XL
2025-07-09 09:57:58,650 - INFO - 🔍 Scraping HH: EGG LAND'S BEST EGGS GRADE A EXTRA LARGE
2025-07-09 09:58:02,506 - INFO - ✅ Found price: $8.49 for HH: EGG LAND'S BEST EGGS GRADE A EXTRA LARGE
2025-07-09 09:58:04,307 - INFO - 🔍 Scraping Drop It: ORANGES NAVEL CA
2025-07-09 09:58:11,557 - INFO - ✅ Found price: $4.99 for Drop It: ORANGES NAVEL CA
2025-07-09 09:58:13,386 - INFO - 🔍 Scraping Pronto: ORANGES NAVEL CA
2025-07-09 09:58:16,090 - INFO - ✅ Found price: $2.69 for Pronto: ORANGES NAVEL CA
2025-07-09 09:58:17,862 - INFO - 🔍 Scraping HH: ORANGES NAVEL CA
2025-07-09 09:58:22,655 - INFO - ✅ Found price: $12.99 for HH: ORANGES NAVEL CA
2025-07-09 09:58:24,350 - INFO - 🔍 Scraping Drop It: POLAND SPRING POLAND SPRING PET 3LT
2025-07-09 09:58:29,595 - INFO - ✅ Found price: $5.09 for Drop It: POLAND SPRING POLAND SPRING PET 3LT
2025-07-09 09:58:30,846 - INFO - 🔍 Scraping Pronto: POLAND SPRING POLAND SPRING PET 3LT
2025-07-09 09:58:34,706 - INFO - ✅ Found price: $6.09 for Pronto: POLAND SPRING POLAND SPRING PET 3LT
2025-07-09 09:58:35,804 - INFO - 🔍 Scraping HH: POLAND SPRING POLAND SPRING PET 3LT
2025-07-09 09:58:40,944 - INFO - ✅ Found price: $5.49 for HH: POLAND SPRING POLAND SPRING PET 3LT
2025-07-09 09:58:42,196 - INFO - 🔍 Scraping HH: NOAH CF BRWN EGG
2025-07-09 09:58:47,272 - INFO - ✅ Found price: $6.19 for HH: NOAH CF BRWN EGG
2025-07-09 09:58:48,634 - INFO - 🔍 Scraping Drop It: LUSO WATER 1.5L
2025-07-09 09:58:53,879 - INFO - ✅ Found price: $2.69 for Drop It: LUSO WATER 1.5L
2025-07-09 09:58:55,797 - INFO - 🔍 Scraping Pronto: LUSO WATER 1.5L
2025-07-09 09:58:59,600 - INFO - ✅ Found price: $2.79 for Pronto: LUSO WATER 1.5L
2025-07-09 09:59:01,472 - INFO - 🔍 Scraping HH: LUSO WATER 1.5L
2025-07-09 09:59:05,256 - INFO - ✅ Found price: $2.79 for HH: LUSO WATER 1.5L
2025-07-09 09:59:06,993 - INFO - 🔍 Scraping HH: TOMATOES ROUNDS 4X5
2025-07-09 09:59:10,584 - INFO - ✅ Found price: $2.99 for HH: TOMATOES ROUNDS 4X5
2025-07-09 09:59:12,073 - INFO - 🔍 Scraping Drop It: ROBIN HOOD FLOUR ALL PURPOSE
2025-07-09 09:59:16,989 - INFO - ✅ Found price: $8.49 for Drop It: ROBIN HOOD FLOUR ALL PURPOSE
2025-07-09 09:59:18,199 - INFO - 🔍 Scraping Miles: ROBIN HOOD FLOUR ALL PURPOSE
2025-07-09 09:59:21,876 - INFO - ✅ Found price: $8.85 for Miles: ROBIN HOOD FLOUR ALL PURPOSE
2025-07-09 09:59:23,810 - INFO - 🔍 Scraping Pronto: ROBIN HOOD FLOUR ALL PURPOSE
2025-07-09 09:59:26,901 - INFO - ✅ Found price: $8.19 for Pronto: ROBIN HOOD FLOUR ALL PURPOSE
2025-07-09 09:59:28,274 - INFO - 🔍 Scraping HH: ROBIN HOOD FLOUR ALL PURPOSE
2025-07-09 09:59:32,974 - INFO - ✅ Found price: $6.99 for HH: ROBIN HOOD FLOUR ALL PURPOSE
2025-07-09 09:59:34,435 - INFO - 📊 Batch 6 complete. Progress: 152/260
2025-07-09 09:59:35,814 - INFO - ✅ Chrome driver initialized
2025-07-09 09:59:35,815 - INFO - 🔍 Scraping Drop It: CROW LANE SCONES 4PK -RAISIN
2025-07-09 09:59:40,458 - INFO - ✅ Found price: $7.39 for Drop It: CROW LANE SCONES 4PK -RAISIN
2025-07-09 09:59:42,333 - INFO - 🔍 Scraping Pronto: CROW LANE SCONES 4PK -RAISIN
2025-07-09 09:59:47,069 - INFO - ✅ Found price: $6.75 for Pronto: CROW LANE SCONES 4PK -RAISIN
2025-07-09 09:59:48,978 - INFO - 🔍 Scraping HH: CROW LANE SCONES 4PK -RAISIN
2025-07-09 09:59:53,761 - INFO - ✅ Found price: $6.75 for HH: CROW LANE SCONES 4PK -RAISIN
2025-07-09 09:59:55,420 - INFO - 🔍 Scraping Drop It: TYSON BRD CRSPY CHK STRIP
2025-07-09 09:59:59,940 - INFO - ✅ Found price: $14.59 for Drop It: TYSON BRD CRSPY CHK STRIP
2025-07-09 10:00:00,994 - INFO - 🔍 Scraping Miles: TYSON BRD CRSPY CHK STRIP
2025-07-09 10:00:07,577 - INFO - ✅ Found price: $18.50 for Miles: TYSON BRD CRSPY CHK STRIP
2025-07-09 10:00:09,131 - INFO - 🔍 Scraping Pronto: TYSON BRD CRSPY CHK STRIP
2025-07-09 10:00:12,190 - INFO - ✅ Found price: $17.99 for Pronto: TYSON BRD CRSPY CHK STRIP
2025-07-09 10:00:13,424 - INFO - 🔍 Scraping HH: TYSON BRD CRSPY CHK STRIP
2025-07-09 10:00:19,265 - INFO - ✅ Found price: $16.99 for HH: TYSON BRD CRSPY CHK STRIP
2025-07-09 10:00:20,528 - INFO - 🔍 Scraping Drop It: OM BACON
2025-07-09 10:00:24,965 - INFO - ✅ Found price: $12.29 for Drop It: OM BACON
2025-07-09 10:00:26,864 - INFO - 🔍 Scraping Miles: OM BACON
2025-07-09 10:00:32,324 - INFO - ✅ Found price: $13.95 for Miles: OM BACON
2025-07-09 10:00:33,883 - INFO - 🔍 Scraping Pronto: OM BACON
2025-07-09 10:00:36,911 - INFO - ✅ Found price: $12.79 for Pronto: OM BACON
2025-07-09 10:00:38,775 - INFO - 🔍 Scraping HH: OM BACON
2025-07-09 10:00:44,251 - INFO - ✅ Found price: $12.59 for HH: OM BACON
2025-07-09 10:00:46,133 - INFO - 🔍 Scraping Drop It: KIWI SUNGOLD 1 LB PACK
2025-07-09 10:00:52,756 - INFO - ✅ Found price: $10.19 for Drop It: KIWI SUNGOLD 1 LB PACK
2025-07-09 10:00:54,757 - INFO - 🔍 Scraping Miles: KIWI SUNGOLD 1 LB PACK
2025-07-09 10:00:59,875 - INFO - ✅ Found price: $12.95 for Miles: KIWI SUNGOLD 1 LB PACK
2025-07-09 10:01:01,277 - INFO - 🔍 Scraping Pronto: KIWI SUNGOLD 1 LB PACK
2025-07-09 10:01:04,061 - INFO - ✅ Found price: $13.59 for Pronto: KIWI SUNGOLD 1 LB PACK
2025-07-09 10:01:05,822 - INFO - 🔍 Scraping HH: KIWI SUNGOLD 1 LB PACK
2025-07-09 10:01:10,983 - INFO - ✅ Found price: $6.99 for HH: KIWI SUNGOLD 1 LB PACK
2025-07-09 10:01:12,325 - INFO - 🔍 Scraping HH: EGGLANDS BEST EB CF LG BRW EGG 18PK
2025-07-09 10:01:16,682 - INFO - ✅ Found price: $8.99 for HH: EGGLANDS BEST EB CF LG BRW EGG 18PK
2025-07-09 10:01:18,244 - INFO - 🔍 Scraping Drop It: FRESH ATTITUDE FA SALAD SPINACH
2025-07-09 10:01:22,284 - INFO - ✅ Found price: $7.69 for Drop It: FRESH ATTITUDE FA SALAD SPINACH
2025-07-09 10:01:23,575 - INFO - 🔍 Scraping Miles: FRESH ATTITUDE FA SALAD SPINACH
2025-07-09 10:01:27,005 - INFO - ✅ Found price: $10.25 for Miles: FRESH ATTITUDE FA SALAD SPINACH
2025-07-09 10:01:28,512 - INFO - 🔍 Scraping Pronto: FRESH ATTITUDE FA SALAD SPINACH
2025-07-09 10:01:32,681 - INFO - ✅ Found price: $7.69 for Pronto: FRESH ATTITUDE FA SALAD SPINACH
2025-07-09 10:01:34,293 - INFO - 🔍 Scraping Drop It: PEPPERS GREEN XL
2025-07-09 10:01:39,581 - INFO - ✅ Found price: $6.89 for Drop It: PEPPERS GREEN XL
2025-07-09 10:01:41,821 - INFO - 📊 Batch 7 complete. Progress: 172/260
2025-07-09 10:01:44,109 - INFO - ✅ Chrome driver initialized
2025-07-09 10:01:44,115 - INFO - 🔍 Scraping Miles: PEPPERS GREEN XL
2025-07-09 10:01:48,214 - INFO - ✅ Found price: $3.75 for Miles: PEPPERS GREEN XL
2025-07-09 10:01:50,217 - INFO - 🔍 Scraping Pronto: PEPPERS GREEN XL
2025-07-09 10:01:54,963 - INFO - ✅ Found price: $1.95 for Pronto: PEPPERS GREEN XL
2025-07-09 10:01:56,611 - INFO - 🔍 Scraping HH: PEPPERS GREEN XL
2025-07-09 10:02:04,049 - INFO - ✅ Found price: $2.49 for HH: PEPPERS GREEN XL
2025-07-09 10:02:05,187 - INFO - 🔍 Scraping Drop It: BARRITTS GINGER BEER
2025-07-09 10:02:09,542 - INFO - ✅ Found price: $8.39 for Drop It: BARRITTS GINGER BEER
2025-07-09 10:02:11,534 - INFO - 🔍 Scraping Pronto: BARRITTS GINGER BEER
2025-07-09 10:02:15,608 - INFO - ✅ Found price: $8.65 for Pronto: BARRITTS GINGER BEER
2025-07-09 10:02:17,010 - INFO - 🔍 Scraping HH: BARRITTS GINGER BEER
2025-07-09 10:02:23,499 - INFO - ✅ Found price: $7.39 for HH: BARRITTS GINGER BEER
2025-07-09 10:02:24,546 - INFO - 🔍 Scraping Drop It: ASPRAGUS GRN
2025-07-09 10:02:30,612 - INFO - ✅ Found price: $6.59 for Drop It: ASPRAGUS GRN
2025-07-09 10:02:31,993 - INFO - 🔍 Scraping Miles: ASPRAGUS GRN
2025-07-09 10:02:38,290 - INFO - ✅ Found price: $11.45 for Miles: ASPRAGUS GRN
2025-07-09 10:02:40,516 - INFO - 🔍 Scraping Pronto: ASPRAGUS GRN
2025-07-09 10:02:44,030 - INFO - ✅ Found price: $8.99 for Pronto: ASPRAGUS GRN
2025-07-09 10:02:45,902 - INFO - 🔍 Scraping HH: ASPRAGUS GRN
2025-07-09 10:02:56,119 - INFO - ✅ Found price: $7.99 for HH: ASPRAGUS GRN
2025-07-09 10:02:57,944 - INFO - 🔍 Scraping Drop It: INDIANA KITCHEN BACON
2025-07-09 10:03:03,045 - INFO - ✅ Found price: $9.29 for Drop It: INDIANA KITCHEN BACON
2025-07-09 10:03:04,958 - INFO - 🔍 Scraping Pronto: INDIANA KITCHEN BACON
2025-07-09 10:03:08,364 - INFO - ✅ Found price: $8.99 for Pronto: INDIANA KITCHEN BACON
2025-07-09 10:03:10,259 - INFO - 🔍 Scraping Drop It: BERMUDA'S BEST PAPER TOWEL WHITE SINGLE ROLL
2025-07-09 10:03:17,257 - INFO - ✅ Found price: $3.09 for Drop It: BERMUDA'S BEST PAPER TOWEL WHITE SINGLE ROLL
2025-07-09 10:03:18,786 - INFO - 🔍 Scraping Pronto: BERMUDA'S BEST PAPER TOWEL WHITE SINGLE ROLL
2025-07-09 10:03:23,381 - INFO - ✅ Found price: $2.95 for Pronto: BERMUDA'S BEST PAPER TOWEL WHITE SINGLE ROLL
2025-07-09 10:03:24,448 - INFO - 🔍 Scraping Drop It: COCACOLA COKE 6PK 12OZ CAN
2025-07-09 10:03:28,862 - INFO - ✅ Found price: $13.99 for Drop It: COCACOLA COKE 6PK 12OZ CAN
2025-07-09 10:03:30,397 - INFO - 🔍 Scraping Miles: COCACOLA COKE 6PK 12OZ CAN
2025-07-09 10:03:34,171 - INFO - ✅ Found price: $2.50 for Miles: COCACOLA COKE 6PK 12OZ CAN
2025-07-09 10:03:35,858 - INFO - 🔍 Scraping Pronto: COCACOLA COKE 6PK 12OZ CAN
2025-07-09 10:03:40,557 - INFO - ✅ Found price: $12.23 for Pronto: COCACOLA COKE 6PK 12OZ CAN
2025-07-09 10:03:42,401 - INFO - 🔍 Scraping HH: COCACOLA COKE 6PK 12OZ CAN
2025-07-09 10:03:48,547 - INFO - ✅ Found price: $12.19 for HH: COCACOLA COKE 6PK 12OZ CAN
2025-07-09 10:03:50,271 - INFO - 🔍 Scraping Drop It: BOUNTY SAS WHITE PAPER TOWEL DOUBLE
2025-07-09 10:03:54,520 - INFO - ✅ Found price: $5.09 for Drop It: BOUNTY SAS WHITE PAPER TOWEL DOUBLE
2025-07-09 10:03:55,599 - INFO - 🔍 Scraping Pronto: BOUNTY SAS WHITE PAPER TOWEL DOUBLE
2025-07-09 10:03:58,959 - INFO - ✅ Found price: $4.89 for Pronto: BOUNTY SAS WHITE PAPER TOWEL DOUBLE
2025-07-09 10:04:00,565 - INFO - 📊 Batch 8 complete. Progress: 192/260
2025-07-09 10:04:02,038 - INFO - ✅ Chrome driver initialized
2025-07-09 10:04:02,041 - INFO - 🔍 Scraping HH: BOUNTY SAS WHITE PAPER TOWEL DOUBLE
2025-07-09 10:04:05,967 - INFO - ✅ Found price: $5.79 for HH: BOUNTY SAS WHITE PAPER TOWEL DOUBLE
2025-07-09 10:04:07,444 - INFO - 🔍 Scraping Drop It: NEW MOON MUSHROOM WHITE WHOLE
2025-07-09 10:04:12,501 - INFO - ✅ Found price: $4.39 for Drop It: NEW MOON MUSHROOM WHITE WHOLE
2025-07-09 10:04:14,456 - INFO - 🔍 Scraping Miles: NEW MOON MUSHROOM WHITE WHOLE
2025-07-09 10:04:19,138 - INFO - ✅ Found price: $4.95 for Miles: NEW MOON MUSHROOM WHITE WHOLE
2025-07-09 10:04:20,823 - INFO - 🔍 Scraping Pronto: NEW MOON MUSHROOM WHITE WHOLE
2025-07-09 10:04:25,726 - INFO - ✅ Found price: $4.69 for Pronto: NEW MOON MUSHROOM WHITE WHOLE
2025-07-09 10:04:26,811 - INFO - 🔍 Scraping Drop It: OM TURKEY BACON
2025-07-09 10:04:32,288 - INFO - ✅ Found price: $7.89 for Drop It: OM TURKEY BACON
2025-07-09 10:04:33,339 - INFO - 🔍 Scraping Pronto: OM TURKEY BACON
2025-07-09 10:04:37,166 - INFO - ✅ Found price: $8.25 for Pronto: OM TURKEY BACON
2025-07-09 10:04:38,724 - INFO - 🔍 Scraping HH: OM TURKEY BACON
2025-07-09 10:04:43,659 - INFO - ✅ Found price: $8.49 for HH: OM TURKEY BACON
2025-07-09 10:04:44,888 - INFO - 🔍 Scraping Drop It: RENOVA PAPER TOWEL WHITE SINGLE ROLL
2025-07-09 10:04:50,634 - INFO - ✅ Found price: $5.09 for Drop It: RENOVA PAPER TOWEL WHITE SINGLE ROLL
2025-07-09 10:04:52,240 - INFO - 🔍 Scraping Pronto: RENOVA PAPER TOWEL WHITE SINGLE ROLL
2025-07-09 10:04:56,004 - INFO - ✅ Found price: $4.89 for Pronto: RENOVA PAPER TOWEL WHITE SINGLE ROLL
2025-07-09 10:04:57,856 - INFO - 🔍 Scraping HH: RENOVA PAPER TOWEL WHITE SINGLE ROLL
2025-07-09 10:05:03,664 - INFO - ✅ Found price: $4.99 for HH: RENOVA PAPER TOWEL WHITE SINGLE ROLL
2025-07-09 10:05:04,687 - INFO - 🔍 Scraping Drop It: SCOTT 4RL 1000 BATH TISSUE
2025-07-09 10:05:09,774 - INFO - ✅ Found price: $8.19 for Drop It: SCOTT 4RL 1000 BATH TISSUE
2025-07-09 10:05:11,668 - INFO - 🔍 Scraping Miles: SCOTT 4RL 1000 BATH TISSUE
2025-07-09 10:05:16,876 - INFO - ✅ Found price: $8.50 for Miles: SCOTT 4RL 1000 BATH TISSUE
2025-07-09 10:05:18,203 - INFO - 🔍 Scraping Pronto: SCOTT 4RL 1000 BATH TISSUE
2025-07-09 10:05:21,465 - INFO - ✅ Found price: $8.25 for Pronto: SCOTT 4RL 1000 BATH TISSUE
2025-07-09 10:05:23,061 - INFO - 🔍 Scraping HH: SCOTT 4RL 1000 BATH TISSUE
2025-07-09 10:05:29,013 - INFO - ✅ Found price: $7.99 for HH: SCOTT 4RL 1000 BATH TISSUE
2025-07-09 10:05:30,830 - INFO - 🔍 Scraping Drop It: BDA BEST CODFISH
2025-07-09 10:05:39,286 - INFO - ✅ Found price: $9.49 for Drop It: BDA BEST CODFISH
2025-07-09 10:05:41,034 - INFO - 🔍 Scraping Pronto: BDA BEST CODFISH
2025-07-09 10:05:45,222 - INFO - ✅ Found price: $8.39 for Pronto: BDA BEST CODFISH
2025-07-09 10:05:47,034 - INFO - 🔍 Scraping HH: BDA BEST CODFISH
2025-07-09 10:05:53,063 - INFO - ✅ Found price: $9.49 for HH: BDA BEST CODFISH
2025-07-09 10:05:54,924 - INFO - 🔍 Scraping Drop It: CORONA EXTRA BEER BOTTLES
2025-07-09 10:05:59,869 - INFO - ✅ Found price: $19.89 for Drop It: CORONA EXTRA BEER BOTTLES
2025-07-09 10:06:01,501 - INFO - 🔍 Scraping Miles: CORONA EXTRA BEER BOTTLES
2025-07-09 10:06:05,162 - INFO - ✅ Found price: $17.95 for Miles: CORONA EXTRA BEER BOTTLES
2025-07-09 10:06:06,357 - INFO - 🔍 Scraping Pronto: CORONA EXTRA BEER BOTTLES
2025-07-09 10:06:09,256 - INFO - ✅ Found price: $18.49 for Pronto: CORONA EXTRA BEER BOTTLES
2025-07-09 10:06:11,346 - INFO - 📊 Batch 9 complete. Progress: 212/260
2025-07-09 10:06:12,833 - INFO - ✅ Chrome driver initialized
2025-07-09 10:06:12,835 - INFO - 🔍 Scraping HH: CORONA EXTRA BEER BOTTLES
2025-07-09 10:06:18,991 - INFO - ✅ Found price: $17.79 for HH: CORONA EXTRA BEER BOTTLES
2025-07-09 10:06:20,890 - INFO - 🔍 Scraping Drop It: PEAR BARTTLE
2025-07-09 10:06:26,946 - INFO - ✅ Found price: $2.49 for Drop It: PEAR BARTTLE
2025-07-09 10:06:28,870 - INFO - 🔍 Scraping Miles: PEAR BARTTLE
2025-07-09 10:06:33,758 - INFO - ✅ Found price: $1.75 for Miles: PEAR BARTTLE
2025-07-09 10:06:35,003 - INFO - 🔍 Scraping HH: PEAR BARTTLE
2025-07-09 10:06:39,679 - INFO - ✅ Found price: $1.39 for HH: PEAR BARTTLE
2025-07-09 10:06:40,937 - INFO - 🔍 Scraping Drop It: KH ORIG SWTROLL 12PK
2025-07-09 10:06:47,123 - INFO - ✅ Found price: $8.49 for Drop It: KH ORIG SWTROLL 12PK
2025-07-09 10:06:48,411 - INFO - 🔍 Scraping Miles: KH ORIG SWTROLL 12PK
2025-07-09 10:06:53,850 - INFO - ✅ Found price: $8.50 for Miles: KH ORIG SWTROLL 12PK
2025-07-09 10:06:55,771 - INFO - 🔍 Scraping Pronto: KH ORIG SWTROLL 12PK
2025-07-09 10:07:00,656 - INFO - ✅ Found price: $7.95 for Pronto: KH ORIG SWTROLL 12PK
2025-07-09 10:07:02,530 - INFO - 🔍 Scraping HH: KH ORIG SWTROLL 12PK
2025-07-09 10:07:07,769 - INFO - ✅ Found price: $7.99 for HH: KH ORIG SWTROLL 12PK
2025-07-09 10:07:09,029 - INFO - 🔍 Scraping Drop It: LE BLEU WATER
2025-07-09 10:07:19,471 - INFO - ✅ Found price: $4.49 for Drop It: LE BLEU WATER
2025-07-09 10:07:20,986 - INFO - 🔍 Scraping Pronto: LE BLEU WATER
2025-07-09 10:07:24,639 - INFO - ✅ Found price: $4.69 for Pronto: LE BLEU WATER
2025-07-09 10:07:26,487 - INFO - 🔍 Scraping HH: LE BLEU WATER
2025-07-09 10:07:30,517 - INFO - ✅ Found price: $4.29 for HH: LE BLEU WATER
2025-07-09 10:07:32,119 - INFO - 🔍 Scraping Drop It: WINDY BANK JUMBO EGGS
2025-07-09 10:07:37,952 - INFO - ✅ Found price: $9.49 for Drop It: WINDY BANK JUMBO EGGS
2025-07-09 10:07:39,183 - INFO - 🔍 Scraping HH: WINDY BANK JUMBO EGGS
2025-07-09 10:07:44,898 - INFO - ✅ Found price: $8.49 for HH: WINDY BANK JUMBO EGGS
2025-07-09 10:07:46,029 - INFO - 🔍 Scraping Drop It: RUFFLES POTATO CHIPS REGILAR
2025-07-09 10:07:51,823 - INFO - ✅ Found price: $6.49 for Drop It: RUFFLES POTATO CHIPS REGILAR
2025-07-09 10:07:53,689 - INFO - 🔍 Scraping Miles: RUFFLES POTATO CHIPS REGILAR
2025-07-09 10:07:57,583 - INFO - ✅ Found price: $6.75 for Miles: RUFFLES POTATO CHIPS REGILAR
2025-07-09 10:07:59,064 - INFO - 🔍 Scraping Pronto: RUFFLES POTATO CHIPS REGILAR
2025-07-09 10:08:03,295 - INFO - ✅ Found price: $6.75 for Pronto: RUFFLES POTATO CHIPS REGILAR
2025-07-09 10:08:04,320 - INFO - 🔍 Scraping HH: RUFFLES POTATO CHIPS REGILAR
2025-07-09 10:08:11,013 - INFO - ✅ Found price: $5.69 for HH: RUFFLES POTATO CHIPS REGILAR
2025-07-09 10:08:12,099 - INFO - 🔍 Scraping HH: EGGLANDS BEST EB ORG EGGS LRG BROWN
2025-07-09 10:08:16,602 - INFO - ✅ Found price: $10.99 for HH: EGGLANDS BEST EB ORG EGGS LRG BROWN
2025-07-09 10:08:18,014 - INFO - 🔍 Scraping Drop It: LACTAID HOMOGENIZED 100
2025-07-09 10:08:23,245 - INFO - ✅ Found price: $9.49 for Drop It: LACTAID HOMOGENIZED 100
2025-07-09 10:08:25,077 - INFO - 🔍 Scraping Miles: LACTAID HOMOGENIZED 100
2025-07-09 10:08:30,386 - INFO - ✅ Found price: $9.60 for Miles: LACTAID HOMOGENIZED 100
2025-07-09 10:08:32,496 - INFO - 📊 Batch 10 complete. Progress: 232/260
2025-07-09 10:08:33,821 - INFO - ✅ Chrome driver initialized
2025-07-09 10:08:33,821 - INFO - 🔍 Scraping Pronto: LACTAID HOMOGENIZED 100
2025-07-09 10:08:37,315 - INFO - ✅ Found price: $9.05 for Pronto: LACTAID HOMOGENIZED 100
2025-07-09 10:08:38,934 - INFO - 🔍 Scraping HH: LACTAID HOMOGENIZED 100
2025-07-09 10:08:44,763 - INFO - ✅ Found price: $8.49 for HH: LACTAID HOMOGENIZED 100
2025-07-09 10:08:46,174 - INFO - 🔍 Scraping Drop It: TYSON IQF BNLS/SKLS THIGH
2025-07-09 10:08:51,826 - INFO - ✅ Found price: $15.19 for Drop It: TYSON IQF BNLS/SKLS THIGH
2025-07-09 10:08:53,693 - INFO - 🔍 Scraping Pronto: TYSON IQF BNLS/SKLS THIGH
2025-07-09 10:08:57,248 - INFO - ✅ Found price: $11.09 for Pronto: TYSON IQF BNLS/SKLS THIGH
2025-07-09 10:08:58,725 - INFO - 🔍 Scraping HH: TYSON IQF BNLS/SKLS THIGH
2025-07-09 10:09:02,802 - INFO - ✅ Found price: $14.59 for HH: TYSON IQF BNLS/SKLS THIGH
2025-07-09 10:09:04,720 - INFO - 🔍 Scraping Drop It: ESSENTIA ESSENTIA WATER
2025-07-09 10:09:09,106 - INFO - ✅ Found price: $3.79 for Drop It: ESSENTIA ESSENTIA WATER
2025-07-09 10:09:10,248 - INFO - 🔍 Scraping Pronto: ESSENTIA ESSENTIA WATER
2025-07-09 10:09:14,033 - INFO - ✅ Found price: $3.95 for Pronto: ESSENTIA ESSENTIA WATER
2025-07-09 10:09:15,148 - INFO - 🔍 Scraping HH: ESSENTIA ESSENTIA WATER
2025-07-09 10:09:21,135 - INFO - ✅ Found price: $3.39 for HH: ESSENTIA ESSENTIA WATER
2025-07-09 10:09:22,221 - INFO - 🔍 Scraping Drop It: DUNKLEYS FRESH MILK 1PT
2025-07-09 10:09:27,583 - INFO - ✅ Found price: $2.79 for Drop It: DUNKLEYS FRESH MILK 1PT
2025-07-09 10:09:28,613 - INFO - 🔍 Scraping Miles: DUNKLEYS FRESH MILK 1PT
2025-07-09 10:09:33,229 - INFO - ✅ Found price: $2.50 for Miles: DUNKLEYS FRESH MILK 1PT
2025-07-09 10:09:35,130 - INFO - 🔍 Scraping Pronto: DUNKLEYS FRESH MILK 1PT
2025-07-09 10:09:37,988 - INFO - ✅ Found price: $2.55 for Pronto: DUNKLEYS FRESH MILK 1PT
2025-07-09 10:09:39,443 - INFO - 🔍 Scraping HH: DUNKLEYS FRESH MILK 1PT
2025-07-09 10:09:44,340 - INFO - ✅ Found price: $2.39 for HH: DUNKLEYS FRESH MILK 1PT
2025-07-09 10:09:45,388 - INFO - 🔍 Scraping Drop It: BRD 9 GRN SEED LOAF
2025-07-09 10:09:55,953 - INFO - ✅ Found price: $13.49 for Drop It: BRD 9 GRN SEED LOAF
2025-07-09 10:09:57,354 - INFO - 🔍 Scraping HH: BRD 9 GRN SEED LOAF
2025-07-09 10:10:03,118 - INFO - ✅ Found price: $10.29 for HH: BRD 9 GRN SEED LOAF
2025-07-09 10:10:04,153 - INFO - 🔍 Scraping Drop It: GLAM POP POPCORN YEAST
2025-07-09 10:10:08,220 - INFO - ✅ Found price: $5.19 for Drop It: GLAM POP POPCORN YEAST
2025-07-09 10:10:09,931 - INFO - 🔍 Scraping Pronto: GLAM POP POPCORN YEAST
2025-07-09 10:10:13,041 - INFO - ✅ Found price: $4.99 for Pronto: GLAM POP POPCORN YEAST
2025-07-09 10:10:14,106 - INFO - 🔍 Scraping HH: GLAM POP POPCORN YEAST
2025-07-09 10:10:20,669 - INFO - ✅ Found price: $4.79 for HH: GLAM POP POPCORN YEAST
2025-07-09 10:10:22,604 - INFO - 🔍 Scraping Drop It: CADBURY DAIRY MILK
2025-07-09 10:10:27,197 - INFO - ✅ Found price: $3.09 for Drop It: CADBURY DAIRY MILK
2025-07-09 10:10:28,748 - INFO - 🔍 Scraping Miles: CADBURY DAIRY MILK
2025-07-09 10:10:33,519 - INFO - ✅ Found price: $3.00 for Miles: CADBURY DAIRY MILK
2025-07-09 10:10:35,396 - INFO - 🔍 Scraping Pronto: CADBURY DAIRY MILK
2025-07-09 10:10:38,361 - INFO - ✅ Found price: $1.77 for Pronto: CADBURY DAIRY MILK
2025-07-09 10:10:39,950 - INFO - 📊 Batch 11 complete. Progress: 252/260
2025-07-09 10:10:41,386 - INFO - ✅ Chrome driver initialized
2025-07-09 10:10:41,387 - INFO - 🔍 Scraping HH: CADBURY DAIRY MILK
2025-07-09 10:10:46,760 - INFO - ✅ Found price: $2.99 for HH: CADBURY DAIRY MILK
2025-07-09 10:10:47,884 - INFO - 🔍 Scraping Drop It: LIBBY'S CHICKEN VIENNA SAUSAGE
2025-07-09 10:10:52,527 - INFO - ✅ Found price: $1.39 for Drop It: LIBBY'S CHICKEN VIENNA SAUSAGE
2025-07-09 10:10:53,709 - INFO - 🔍 Scraping Pronto: LIBBY'S CHICKEN VIENNA SAUSAGE
2025-07-09 10:10:57,179 - INFO - ✅ Found price: $1.65 for Pronto: LIBBY'S CHICKEN VIENNA SAUSAGE
2025-07-09 10:10:58,339 - INFO - 🔍 Scraping HH: LIBBY'S CHICKEN VIENNA SAUSAGE
2025-07-09 10:11:02,511 - INFO - ✅ Found price: $1.59 for HH: LIBBY'S CHICKEN VIENNA SAUSAGE
2025-07-09 10:11:03,599 - INFO - 🔍 Scraping Drop It: PEPPERIDGE FARM OATMEAL FARMHOUSE
2025-07-09 10:11:07,916 - INFO - ✅ Found price: $8.59 for Drop It: PEPPERIDGE FARM OATMEAL FARMHOUSE
2025-07-09 10:11:09,323 - INFO - 🔍 Scraping Miles: PEPPERIDGE FARM OATMEAL FARMHOUSE
2025-07-09 10:11:15,072 - INFO - ✅ Found price: $8.60 for Miles: PEPPERIDGE FARM OATMEAL FARMHOUSE
2025-07-09 10:11:16,563 - INFO - 🔍 Scraping Pronto: PEPPERIDGE FARM OATMEAL FARMHOUSE
2025-07-09 10:11:20,703 - INFO - ✅ Found price: $7.89 for Pronto: PEPPERIDGE FARM OATMEAL FARMHOUSE
2025-07-09 10:11:22,170 - INFO - 🔍 Scraping HH: PEPPERIDGE FARM OATMEAL FARMHOUSE
2025-07-09 10:11:26,651 - INFO - ✅ Found price: $7.89 for HH: PEPPERIDGE FARM OATMEAL FARMHOUSE
2025-07-09 10:11:28,222 - INFO - 📊 Batch 12 complete. Progress: 260/260
2025-07-09 10:11:28,229 - INFO - 🎯 RESUME SCRAPING COMPLETE!
2025-07-09 10:11:28,230 - INFO - Total processed: 260
2025-07-09 10:11:28,230 - INFO - Successful results: 260
2025-07-09 10:11:28,230 - INFO - Success rate: 100.0%
2025-07-09 10:11:28,230 - INFO - Results saved to: /Users/pato/resume_scraper_results_1752065222.json
